C51 COMPILER V9.59.0.0   PUBLIC                                                            06/08/2021 12:03:47 PAGE 1   


C51 COMPILER V9.59.0.0, COMPILATION OF MODULE PUBLIC
OBJECT MODULE PLACED IN .\Objects\public.obj
COMPILER INVOKED BY: C:\Keil_v5\C51\BIN\C51.EXE public.c OPTIMIZE(8,SPEED) BROWSE DEBUG OBJECTEXTEND PRINT(.\Listings\pu
                    -blic.lst) TABS(2) OBJECT(.\Objects\public.obj)

line level    source

   1          #include"public.h"
   2          void DelayYus(unsigned int y)
   3          {
   4   1        for(y;y>0;y--)
   5   1          _nop_();
   6   1      }
   7          void delay_10ms()
   8          {
   9   1          unsigned char a,b;
  10   1          for(b=221;b>0;b--)
  11   1              for(a=207;a>0;a--);
  12   1      }
  13          //u8 strlen(const char *p) //not include '\0'
  14          //{
  15          //  u8 i=0;
  16          //  for(;*(p+1)!='\0';i++,p++)
  17          //  return i+1;
  18          //}
  19          //void initUart(void)
  20          //{
  21          //  TMOD = 0x20;
  22          //  SCON = 0x50;
  23          //  TH1 = 0xFD;//9600bit/s
  24          //  TL1 = TH1;
  25          //  PCON = 0x00;
  26          //  EA = 1;
  27          //  ES = 0;
  28          //  TR1 = 1;
  29          //}
  30          void delay(void)   //Îó²î -0.000000000227us
  31          {
  32   1          unsigned char a,b,c;
  33   1          for(c=13;c>0;c--)
  34   1              for(b=247;b>0;b--)
  35   1                  for(a=142;a>0;a--);
  36   1          _nop_();  //if Keil,require use intrins.h
  37   1      }
  38          
  39          void delay_ms(unsigned int x)
  40          {
  41   1        unsigned char a,b;
  42   1        for(x;x>0;x--)
  43   1        {
  44   2          for(b=102;b>0;b--)
  45   2           {
  46   3             for(a=3;a>0;a--);
  47   3           } 
  48   2        }
  49   1        
  50   1      }


MODULE INFORMATION:   STATIC OVERLAYABLE
   CODE SIZE        =    143    ----
C51 COMPILER V9.59.0.0   PUBLIC                                                            06/08/2021 12:03:47 PAGE 2   

   CONSTANT SIZE    =   ----    ----
   XDATA SIZE       =   ----    ----
   PDATA SIZE       =   ----    ----
   DATA SIZE        =   ----    ----
   IDATA SIZE       =   ----    ----
   BIT SIZE         =   ----    ----
END OF MODULE INFORMATION.


C51 COMPILATION COMPLETE.  0 WARNING(S),  0 ERROR(S)
