C51 COMPILER V9.59.0.0   SMG                                                               06/08/2021 12:03:47 PAGE 1   


C51 COMPILER V9.59.0.0, COMPILATION OF MODULE SMG
OBJECT MODULE PLACED IN .\Objects\smg.obj
COMPILER INVOKED BY: C:\Keil_v5\C51\BIN\C51.EXE smg.c OPTIMIZE(8,SPEED) BROWSE DEBUG OBJECTEXTEND PRINT(.\Listings\smg.l
                    -st) TABS(2) OBJECT(.\Objects\smg.obj)

line level    source

   1          #include"smg.h"
   2          #include"temp.h"
   3          //MCU用
   4          u8 code smgduan[16]={0x3f,0x06,0x5b,0x4f,0x66,0x6d,0x7d,0x07,0x7f,0x6f,0x77,0x7c,0x39,0x5e,0x79,0x71};//0-
             -F
   5          u8 smgdispTEMP[8]={0x39,0x63,0};
   6          u8 code DU=0x63;
   7          u8 code dp=0x80;
   8          unsigned int alarm=45;
   9          
  10          void GETtempDISP()
  11          {
  12   1        int temp;
  13   1      //  u8 i,j;
  14   1      //  temp=Ds18b20ReadTemp();
  15   1        temp=(int)(tempS*1000);
  16   1        //smgdispTEMP[0]=smgduan[12];
  17   1        //smgdispTEMP[1]=DU;
  18   1        //temp=(int)temp;
  19   1        smgdispTEMP[7]=0x00;
  20   1        
  21   1        
  22   1        smgdispTEMP[6]=smgduan[temp/10000];
  23   1        smgdispTEMP[5]=smgduan[temp%10000/1000];
  24   1        smgdispTEMP[4]=smgduan[temp%10000%1000/100];
  25   1        smgdispTEMP[3]=smgduan[temp%10000%1000%100/10];
  26   1        smgdispTEMP[2]=smgduan[temp%10000%1000%100%10];
  27   1        
  28   1        
  29   1      //  for(i=2;i<=6;i++)
  30   1      //  {
  31   1      //    j=temp%10;
  32   1      //    smgdispTEMP[i]=smgduan[j];
  33   1      //    temp=temp/10;
  34   1      //  }
  35   1        smgdispTEMP[5]+=0x80;
  36   1      
  37   1      }
  38          void smgdisp(u8 mode)//mode : 1显示当前读取的温度 2显示设定报警温度 3静默模式
  39          {
  40   1        u8 i,tempalarm;
  41   1         tempalarm=alarm;
  42   1        for(i=0;i<8;i++)
  43   1        {
  44   2          switch(i)  //位选，选择点亮的数码管，
  45   2          {
  46   3             case(0):
  47   3              LSA=0;LSB=0;LSC=0; break;//显示第0位
  48   3            case(1):
  49   3              LSA=1;LSB=0;LSC=0; break;//显示第1位
  50   3            case(2):
  51   3              LSA=0;LSB=1;LSC=0; break;//显示第2位
  52   3            case(3):  
  53   3              LSA=1;LSB=1;LSC=0; break;//显示第3位
C51 COMPILER V9.59.0.0   SMG                                                               06/08/2021 12:03:47 PAGE 2   

  54   3            case(4):
  55   3              LSA=0;LSB=0;LSC=1; break;//显示第4位
  56   3            case(5):
  57   3              LSA=1;LSB=0;LSC=1; break;//显示第5位
  58   3            case(6):
  59   3              LSA=0;LSB=1;LSC=1; break;//显示第6位
  60   3            case(7):
  61   3              LSA=1;LSB=1;LSC=1; break;//显示第7位  
  62   3          }
  63   2          switch(mode)
  64   2          {
  65   3            case 1:
  66   3              P0=smgdispTEMP[i];break;//发送段码
  67   3            case 2:
  68   3            {
  69   4                if(i<2) 
  70   4                {
  71   5                  P0=smgdispTEMP[i];
  72   5                  break;
  73   5                }
  74   4               else
  75   4               {
  76   5                  P0=smgduan[tempalarm % 10];
  77   5                  tempalarm/=10;
  78   5                  if(tempalarm==0) return;
  79   5                  break;
  80   5               }
  81   4            }
  82   3            case 3:
  83   3            {
  84   4              P0=dp;
  85   4              break;
  86   4            }
  87   3          }
  88   2          DelayYus(20); 
  89   2          P0=0x00;//消隐
  90   2        }
  91   1      }


MODULE INFORMATION:   STATIC OVERLAYABLE
   CODE SIZE        =    466    ----
   CONSTANT SIZE    =     18    ----
   XDATA SIZE       =   ----    ----
   PDATA SIZE       =   ----    ----
   DATA SIZE        =     10       3
   IDATA SIZE       =   ----    ----
   BIT SIZE         =   ----    ----
END OF MODULE INFORMATION.


C51 COMPILATION COMPLETE.  0 WARNING(S),  0 ERROR(S)
