C51 COMPILER V9.59.0.0   TEMP                                                              06/08/2021 12:03:47 PAGE 1   


C51 COMPILER V9.59.0.0, COMPILATION OF MODULE TEMP
OBJECT MODULE PLACED IN .\Objects\temp.obj
COMPILER INVOKED BY: C:\Keil_v5\C51\BIN\C51.EXE temp.c OPTIMIZE(8,SPEED) BROWSE DEBUG OBJECTEXTEND PRINT(.\Listings\temp
                    -.lst) TABS(2) OBJECT(.\Objects\temp.obj)

line level    source

   1          #include "temp.h"
   2          double tempS=0;
   3          /*******************************************************************************
   4          * 函数名         : Delay1ms
   5          * 函数功能       : 延时函数
   6          * 输入           : 无
   7          * 输出           : 无
   8          *******************************************************************************/
   9          
  10          void Delay1ms(unsigned int y)
  11          {
  12   1        unsigned int x;
  13   1        for(y;y>0;y--)
  14   1          for(x=110;x>0;x--);
  15   1      }
  16          /*******************************************************************************
  17          * 函数名         : Ds18b20Init
  18          * 函数功能       : 初始化
  19          * 输入           : 无
  20          * 输出           : 初始化成功返回1，失败返回0
  21          *******************************************************************************/
  22          //void delay642us()
  23          //{
  24          //   unsigned char a,b;
  25          //    for(b=84;b>0;b--)
  26          //        for(a=2;a>0;a--);
  27          //}
  28          /*******************************************************************************
  29          * 函数名         : Ds18b20Init
  30          * 函数功能       : 初始化
  31          * 输入           : 无
  32          * 输出           : 初始化成功返回1，失败返回0
  33          *******************************************************************************/
  34          
  35          unsigned char Ds18b20Init()
  36          {
  37   1        unsigned int i;
  38   1        DSPORT=0;      //将总线拉低480us~960us
  39   1        i=70; 
  40   1        while(i--);//延时642us
  41   1        DSPORT=1;     //然后拉高总线，如果DS18B20做出反应会将在15us~60us后总线拉低
  42   1        i=0;
  43   1        while(DSPORT) //等待DS18B20拉低总线
  44   1        {
  45   2          i++;
  46   2          if(i>5000)//等待>5MS
  47   2            return 0;//初始化失败 
  48   2        }
  49   1        return 1;//初始化成功
  50   1      }
  51          
  52          /*******************************************************************************
  53          * 函数名         : Ds18b20WriteByte
  54          * 函数功能       : 向18B20写入一个字节
C51 COMPILER V9.59.0.0   TEMP                                                              06/08/2021 12:03:47 PAGE 2   

  55          * 输入           : com
  56          * 输出           : 无
  57          *******************************************************************************/
  58          
  59          void Ds18b20WriteByte(unsigned char dat)
  60          {
  61   1        unsigned int i,j;
  62   1        for(j=0;j<8;j++)
  63   1        {
  64   2          DSPORT=0;     //每写入一位数据之前先把总线拉低1us
  65   2          i++;
  66   2          DSPORT=dat&0x01; //然后写入一个数据，从最低位开始
  67   2          i=6;
  68   2          while(i--); //延时68us，持续时间最少60us
  69   2          DSPORT=1; //然后释放总线，至少1us给总线恢复时间才能接着写入第二个数值
  70   2          dat>>=1;
  71   2        }
  72   1      }
  73          /*******************************************************************************
  74          * 函数名         : Ds18b20ReadByte
  75          * 函数功能       : 读取一个字节
  76          * 输入           : com
  77          * 输出           : 无
  78          *******************************************************************************/
  79          
  80          
  81          unsigned char Ds18b20ReadByte()
  82          {
  83   1        unsigned char byte,bi;
  84   1        unsigned int i,j; 
  85   1        for(j=8;j>0;j--)
  86   1        {
  87   2          DSPORT=0;//先将总线拉低1us
  88   2          i++;
  89   2          DSPORT=1;//然后释放总线
  90   2          i++;
  91   2          i++;//延时6us等待数据稳定
  92   2          bi=DSPORT;   //读取数据，从最低位开始读取
  93   2          /*将byte左移一位，然后与上右移7位后的bi，注意移动之后移掉那位补0。*/
  94   2          byte=(byte>>1)|(bi<<7);             
  95   2          i=4;    //读取完之后等待48us再接着读取下一个数
  96   2          while(i--);
  97   2        }       
  98   1        return byte;
  99   1      }
 100          /*******************************************************************************
 101          * 函数名         : Ds18b20ChangTemp
 102          * 函数功能       : 让18b20开始转换温度
 103          * 输入           : com
 104          * 输出           : 无
 105          *******************************************************************************/
 106          
 107          void  Ds18b20ChangTemp()
 108          {
 109   1        Ds18b20Init();
 110   1        Delay1ms(1);
 111   1        Ds18b20WriteByte(0xcc);   //跳过ROM操作命令    
 112   1        Ds18b20WriteByte(0x44);     //温度转换命令
 113   1        //Delay1ms(100);  //等待转换成功，而如果你是一直刷着的话，就不用这个延时了
 114   1         
 115   1      }
 116          /*******************************************************************************
C51 COMPILER V9.59.0.0   TEMP                                                              06/08/2021 12:03:47 PAGE 3   

 117          * 函数名         : Ds18b20ReadTempCom
 118          * 函数功能       : 发送读取温度命令
 119          * 输入           : com
 120          * 输出           : 无
 121          *******************************************************************************/
 122          
 123          void  Ds18b20ReadTempCom()
 124          { 
 125   1      
 126   1        Ds18b20Init();
 127   1        Delay1ms(1);
 128   1        Ds18b20WriteByte(0xcc);  //跳过ROM操作命令
 129   1        Ds18b20WriteByte(0xbe);  //发送读取温度命令
 130   1      }
 131          /*******************************************************************************
 132          * 函数名         : Ds18b20ReadTemp
 133          * 函数功能       : 读取温度
 134          * 输入           : com
 135          * 输出           : 无
 136          *******************************************************************************/
 137          
 138          void Ds18b20ReadTemp()//使用定时器间隔读取，存储在全局变量中
 139          {
 140   1        unsigned char tempflag=0;
 141   1        
 142   1        short tem=0,tmh,tml;
 143   1        float s=0.0625;
 144   1      //  short tem;
 145   1      
 146   1        Ds18b20ChangTemp();       //先写入转换命令
 147   1        Ds18b20ReadTempCom();     //然后等待转换完后发送读取温度命令
 148   1        tml=Ds18b20ReadByte();    //读取温度值共16位，先读低字节
 149   1        tmh=Ds18b20ReadByte();    //再读高字节
 150   1      
 151   1      //  if(tmh>7)
 152   1      //    {
 153   1      //        tmh=~tmh;
 154   1      //        tml=~tml; 
 155   1      //        tempflag=0;//温度为负  
 156   1      //    }
 157   1      //  else
 158   1      //  {
 159   1      //    tempflag=1;//温度为正 
 160   1      //  } 
 161   1          tem=tmh; //获得高八位
 162   1          tem<<=8;    
 163   1          tem|=tml;//获得底八位
 164   1          tempS=tem*s;//转换   放大10倍  精度0.1 
 165   1      }


MODULE INFORMATION:   STATIC OVERLAYABLE
   CODE SIZE        =    285    ----
   CONSTANT SIZE    =   ----    ----
   XDATA SIZE       =   ----    ----
   PDATA SIZE       =   ----    ----
   DATA SIZE        =      4       9
   IDATA SIZE       =   ----    ----
   BIT SIZE         =   ----    ----
END OF MODULE INFORMATION.


C51 COMPILATION COMPLETE.  0 WARNING(S),  0 ERROR(S)
