Analysis & Synthesis report for SHUDIAN_PLUS
Fri Jul 09 09:17:39 2021
Quartus II 64-Bit Version 13.1.0 Build 162 10/23/2013 SJ Full Version


---------------------
; Table of Contents ;
---------------------
  1. Legal Notice
  2. Analysis & Synthesis Summary
  3. Analysis & Synthesis Settings
  4. Parallel Compilation
  5. Analysis & Synthesis Source Files Read
  6. Analysis & Synthesis Resource Usage Summary
  7. Analysis & Synthesis Resource Utilization by Entity
  8. Analysis & Synthesis RAM Summary
  9. General Register Statistics
 10. Registers Packed Into Inferred Megafunctions
 11. Multiplexer Restructuring Statistics (Restructuring Performed)
 12. Source assignments for romtatal:inst8|altsyncram:data_rtl_0|altsyncram_qj71:auto_generated
 13. Parameter Settings for Inferred Entity Instance: romtatal:inst8|altsyncram:data_rtl_0
 14. Parameter Settings for Inferred Entity Instance: romtatal:inst8|lpm_divide:Mod0
 15. altsyncram Parameter Settings by Entity Instance
 16. Elapsed Time Per Partition
 17. Analysis & Synthesis Messages



----------------
; Legal Notice ;
----------------
Copyright (C) 1991-2013 Altera Corporation
Your use of Altera Corporation's design tools, logic functions 
and other software and tools, and its AMPP partner logic 
functions, and any output files from any of the foregoing 
(including device programming or simulation files), and any 
associated documentation or information are expressly subject 
to the terms and conditions of the Altera Program License 
Subscription Agreement, Altera MegaCore Function License 
Agreement, or other applicable license agreement, including, 
without limitation, that your use is for the sole purpose of 
programming logic devices manufactured by Altera and sold by 
Altera or its authorized distributors.  Please refer to the 
applicable agreement for further details.



+----------------------------------------------------------------------------------+
; Analysis & Synthesis Summary                                                     ;
+------------------------------------+---------------------------------------------+
; Analysis & Synthesis Status        ; Successful - Fri Jul 09 09:17:39 2021       ;
; Quartus II 64-Bit Version          ; 13.1.0 Build 162 10/23/2013 SJ Full Version ;
; Revision Name                      ; SHUDIAN_PLUS                                ;
; Top-level Entity Name              ; SHUDIAN_PLUS                                ;
; Family                             ; Cyclone IV E                                ;
; Total logic elements               ; 145                                         ;
;     Total combinational functions  ; 145                                         ;
;     Dedicated logic registers      ; 63                                          ;
; Total registers                    ; 63                                          ;
; Total pins                         ; 22                                          ;
; Total virtual pins                 ; 0                                           ;
; Total memory bits                  ; 32,768                                      ;
; Embedded Multiplier 9-bit elements ; 0                                           ;
; Total PLLs                         ; 0                                           ;
+------------------------------------+---------------------------------------------+


+----------------------------------------------------------------------------------------------------------------------+
; Analysis & Synthesis Settings                                                                                        ;
+----------------------------------------------------------------------------+--------------------+--------------------+
; Option                                                                     ; Setting            ; Default Value      ;
+----------------------------------------------------------------------------+--------------------+--------------------+
; Device                                                                     ; EP4CE10E22C8       ;                    ;
; Top-level entity name                                                      ; SHUDIAN_PLUS       ; SHUDIAN_PLUS       ;
; Family name                                                                ; Cyclone IV E       ; Cyclone IV GX      ;
; Use smart compilation                                                      ; Off                ; Off                ;
; Enable parallel Assembler and TimeQuest Timing Analyzer during compilation ; On                 ; On                 ;
; Enable compact report table                                                ; Off                ; Off                ;
; Restructure Multiplexers                                                   ; Auto               ; Auto               ;
; Create Debugging Nodes for IP Cores                                        ; Off                ; Off                ;
; Preserve fewer node names                                                  ; On                 ; On                 ;
; Disable OpenCore Plus hardware evaluation                                  ; Off                ; Off                ;
; Verilog Version                                                            ; Verilog_2001       ; Verilog_2001       ;
; VHDL Version                                                               ; VHDL_1993          ; VHDL_1993          ;
; State Machine Processing                                                   ; Auto               ; Auto               ;
; Safe State Machine                                                         ; Off                ; Off                ;
; Extract Verilog State Machines                                             ; On                 ; On                 ;
; Extract VHDL State Machines                                                ; On                 ; On                 ;
; Ignore Verilog initial constructs                                          ; Off                ; Off                ;
; Iteration limit for constant Verilog loops                                 ; 5000               ; 5000               ;
; Iteration limit for non-constant Verilog loops                             ; 250                ; 250                ;
; Add Pass-Through Logic to Inferred RAMs                                    ; On                 ; On                 ;
; Infer RAMs from Raw Logic                                                  ; On                 ; On                 ;
; Parallel Synthesis                                                         ; On                 ; On                 ;
; DSP Block Balancing                                                        ; Auto               ; Auto               ;
; NOT Gate Push-Back                                                         ; On                 ; On                 ;
; Power-Up Don't Care                                                        ; On                 ; On                 ;
; Remove Redundant Logic Cells                                               ; Off                ; Off                ;
; Remove Duplicate Registers                                                 ; On                 ; On                 ;
; Ignore CARRY Buffers                                                       ; Off                ; Off                ;
; Ignore CASCADE Buffers                                                     ; Off                ; Off                ;
; Ignore GLOBAL Buffers                                                      ; Off                ; Off                ;
; Ignore ROW GLOBAL Buffers                                                  ; Off                ; Off                ;
; Ignore LCELL Buffers                                                       ; Off                ; Off                ;
; Ignore SOFT Buffers                                                        ; On                 ; On                 ;
; Limit AHDL Integers to 32 Bits                                             ; Off                ; Off                ;
; Optimization Technique                                                     ; Balanced           ; Balanced           ;
; Carry Chain Length                                                         ; 70                 ; 70                 ;
; Auto Carry Chains                                                          ; On                 ; On                 ;
; Auto Open-Drain Pins                                                       ; On                 ; On                 ;
; Perform WYSIWYG Primitive Resynthesis                                      ; Off                ; Off                ;
; Auto ROM Replacement                                                       ; On                 ; On                 ;
; Auto RAM Replacement                                                       ; On                 ; On                 ;
; Auto DSP Block Replacement                                                 ; On                 ; On                 ;
; Auto Shift Register Replacement                                            ; Auto               ; Auto               ;
; Allow Shift Register Merging across Hierarchies                            ; Auto               ; Auto               ;
; Auto Clock Enable Replacement                                              ; On                 ; On                 ;
; Strict RAM Replacement                                                     ; Off                ; Off                ;
; Allow Synchronous Control Signals                                          ; On                 ; On                 ;
; Force Use of Synchronous Clear Signals                                     ; Off                ; Off                ;
; Auto RAM Block Balancing                                                   ; On                 ; On                 ;
; Auto RAM to Logic Cell Conversion                                          ; Off                ; Off                ;
; Auto Resource Sharing                                                      ; Off                ; Off                ;
; Allow Any RAM Size For Recognition                                         ; Off                ; Off                ;
; Allow Any ROM Size For Recognition                                         ; Off                ; Off                ;
; Allow Any Shift Register Size For Recognition                              ; Off                ; Off                ;
; Use LogicLock Constraints during Resource Balancing                        ; On                 ; On                 ;
; Ignore translate_off and synthesis_off directives                          ; Off                ; Off                ;
; Timing-Driven Synthesis                                                    ; On                 ; On                 ;
; Report Parameter Settings                                                  ; On                 ; On                 ;
; Report Source Assignments                                                  ; On                 ; On                 ;
; Report Connectivity Checks                                                 ; On                 ; On                 ;
; Ignore Maximum Fan-Out Assignments                                         ; Off                ; Off                ;
; Synchronization Register Chain Length                                      ; 2                  ; 2                  ;
; PowerPlay Power Optimization                                               ; Normal compilation ; Normal compilation ;
; HDL message level                                                          ; Level2             ; Level2             ;
; Suppress Register Optimization Related Messages                            ; Off                ; Off                ;
; Number of Removed Registers Reported in Synthesis Report                   ; 5000               ; 5000               ;
; Number of Swept Nodes Reported in Synthesis Report                         ; 5000               ; 5000               ;
; Number of Inverted Registers Reported in Synthesis Report                  ; 100                ; 100                ;
; Clock MUX Protection                                                       ; On                 ; On                 ;
; Auto Gated Clock Conversion                                                ; Off                ; Off                ;
; Block Design Naming                                                        ; Auto               ; Auto               ;
; SDC constraint protection                                                  ; Off                ; Off                ;
; Synthesis Effort                                                           ; Auto               ; Auto               ;
; Shift Register Replacement - Allow Asynchronous Clear Signal               ; On                 ; On                 ;
; Pre-Mapping Resynthesis Optimization                                       ; Off                ; Off                ;
; Analysis & Synthesis Message Level                                         ; Medium             ; Medium             ;
; Disable Register Merging Across Hierarchies                                ; Auto               ; Auto               ;
; Resource Aware Inference For Block RAM                                     ; On                 ; On                 ;
; Synthesis Seed                                                             ; 1                  ; 1                  ;
+----------------------------------------------------------------------------+--------------------+--------------------+


+------------------------------------------+
; Parallel Compilation                     ;
+----------------------------+-------------+
; Processors                 ; Number      ;
+----------------------------+-------------+
; Number detected on machine ; 12          ;
; Maximum allowed            ; 6           ;
;                            ;             ;
; Average used               ; 1.00        ;
; Maximum used               ; 1           ;
;                            ;             ;
; Usage by Processor         ; % Time Used ;
;     Processor 1            ; 100.0%      ;
;     Processors 2-12        ;   0.0%      ;
+----------------------------+-------------+


+----------------------------------------------------------------------------------------------------------------------------------------------------------------------------------------------------------------------+
; Analysis & Synthesis Source Files Read                                                                                                                                                                               ;
+------------------------------------------------+-----------------+-------------------------------------------------------+---------------------------------------------------------------------------------+---------+
; File Name with User-Entered Path               ; Used in Netlist ; File Type                                             ; File Name with Absolute Path                                                    ; Library ;
+------------------------------------------------+-----------------+-------------------------------------------------------+---------------------------------------------------------------------------------+---------+
; rtl/Distinguish_counter.v                      ; yes             ; User Verilog HDL File                                 ; D:/ProjectCode/FPGA/SHUDIAN_PLUS/rtl/Distinguish_counter.v                      ;         ;
; rtl/romtatal.v                                 ; yes             ; User Verilog HDL File                                 ; D:/ProjectCode/FPGA/SHUDIAN_PLUS/rtl/romtatal.v                                 ;         ;
; rtl/n_divider.v                                ; yes             ; User Verilog HDL File                                 ; D:/ProjectCode/FPGA/SHUDIAN_PLUS/rtl/n_divider.v                                ;         ;
; rtl/counter_10.v                               ; yes             ; User Verilog HDL File                                 ; D:/ProjectCode/FPGA/SHUDIAN_PLUS/rtl/counter_10.v                               ;         ;
; rtl/counter_4.v                                ; yes             ; User Verilog HDL File                                 ; D:/ProjectCode/FPGA/SHUDIAN_PLUS/rtl/counter_4.v                                ;         ;
; rtl/SHUDIAN_PLUS.bdf                           ; yes             ; User Block Diagram/Schematic File                     ; D:/ProjectCode/FPGA/SHUDIAN_PLUS/rtl/SHUDIAN_PLUS.bdf                           ;         ;
; altsyncram.tdf                                 ; yes             ; Megafunction                                          ; c:/altera/13.1/quartus/libraries/megafunctions/altsyncram.tdf                   ;         ;
; stratix_ram_block.inc                          ; yes             ; Megafunction                                          ; c:/altera/13.1/quartus/libraries/megafunctions/stratix_ram_block.inc            ;         ;
; lpm_mux.inc                                    ; yes             ; Megafunction                                          ; c:/altera/13.1/quartus/libraries/megafunctions/lpm_mux.inc                      ;         ;
; lpm_decode.inc                                 ; yes             ; Megafunction                                          ; c:/altera/13.1/quartus/libraries/megafunctions/lpm_decode.inc                   ;         ;
; aglobal131.inc                                 ; yes             ; Megafunction                                          ; c:/altera/13.1/quartus/libraries/megafunctions/aglobal131.inc                   ;         ;
; a_rdenreg.inc                                  ; yes             ; Megafunction                                          ; c:/altera/13.1/quartus/libraries/megafunctions/a_rdenreg.inc                    ;         ;
; altrom.inc                                     ; yes             ; Megafunction                                          ; c:/altera/13.1/quartus/libraries/megafunctions/altrom.inc                       ;         ;
; altram.inc                                     ; yes             ; Megafunction                                          ; c:/altera/13.1/quartus/libraries/megafunctions/altram.inc                       ;         ;
; altdpram.inc                                   ; yes             ; Megafunction                                          ; c:/altera/13.1/quartus/libraries/megafunctions/altdpram.inc                     ;         ;
; db/altsyncram_qj71.tdf                         ; yes             ; Auto-Generated Megafunction                           ; D:/ProjectCode/FPGA/SHUDIAN_PLUS/db/altsyncram_qj71.tdf                         ;         ;
; db/shudian_plus.ram0_romtatal_8447d579.hdl.mif ; yes             ; Auto-Generated Auto-Found Memory Initialization File  ; D:/ProjectCode/FPGA/SHUDIAN_PLUS/db/shudian_plus.ram0_romtatal_8447d579.hdl.mif ;         ;
; lpm_divide.tdf                                 ; yes             ; Megafunction                                          ; c:/altera/13.1/quartus/libraries/megafunctions/lpm_divide.tdf                   ;         ;
; abs_divider.inc                                ; yes             ; Megafunction                                          ; c:/altera/13.1/quartus/libraries/megafunctions/abs_divider.inc                  ;         ;
; sign_div_unsign.inc                            ; yes             ; Megafunction                                          ; c:/altera/13.1/quartus/libraries/megafunctions/sign_div_unsign.inc              ;         ;
; db/lpm_divide_ccm.tdf                          ; yes             ; Auto-Generated Megafunction                           ; D:/ProjectCode/FPGA/SHUDIAN_PLUS/db/lpm_divide_ccm.tdf                          ;         ;
; db/sign_div_unsign_1nh.tdf                     ; yes             ; Auto-Generated Megafunction                           ; D:/ProjectCode/FPGA/SHUDIAN_PLUS/db/sign_div_unsign_1nh.tdf                     ;         ;
; db/alt_u_div_m9f.tdf                           ; yes             ; Auto-Generated Megafunction                           ; D:/ProjectCode/FPGA/SHUDIAN_PLUS/db/alt_u_div_m9f.tdf                           ;         ;
; db/add_sub_7pc.tdf                             ; yes             ; Auto-Generated Megafunction                           ; D:/ProjectCode/FPGA/SHUDIAN_PLUS/db/add_sub_7pc.tdf                             ;         ;
; db/add_sub_8pc.tdf                             ; yes             ; Auto-Generated Megafunction                           ; D:/ProjectCode/FPGA/SHUDIAN_PLUS/db/add_sub_8pc.tdf                             ;         ;
+------------------------------------------------+-----------------+-------------------------------------------------------+---------------------------------------------------------------------------------+---------+


+-------------------------------------------------------------------+
; Analysis & Synthesis Resource Usage Summary                       ;
+---------------------------------------------+---------------------+
; Resource                                    ; Usage               ;
+---------------------------------------------+---------------------+
; Estimated Total logic elements              ; 145                 ;
;                                             ;                     ;
; Total combinational functions               ; 145                 ;
; Logic element usage by number of LUT inputs ;                     ;
;     -- 4 input functions                    ; 47                  ;
;     -- 3 input functions                    ; 23                  ;
;     -- <=2 input functions                  ; 75                  ;
;                                             ;                     ;
; Logic elements by mode                      ;                     ;
;     -- normal mode                          ; 74                  ;
;     -- arithmetic mode                      ; 71                  ;
;                                             ;                     ;
; Total registers                             ; 63                  ;
;     -- Dedicated logic registers            ; 63                  ;
;     -- I/O registers                        ; 0                   ;
;                                             ;                     ;
; I/O pins                                    ; 22                  ;
; Total memory bits                           ; 32768               ;
; Embedded Multiplier 9-bit elements          ; 0                   ;
; Maximum fan-out node                        ; n_divider:inst7|opt ;
; Maximum fan-out                             ; 51                  ;
; Total fan-out                               ; 712                 ;
; Average fan-out                             ; 2.74                ;
+---------------------------------------------+---------------------+


+-----------------------------------------------------------------------------------------------------------------------------------------------------------------------------------------------------------------------------------------------------------------------------------------------------+
; Analysis & Synthesis Resource Utilization by Entity                                                                                                                                                                                                                                                 ;
+-------------------------------------------+-------------------+--------------+-------------+--------------+---------+-----------+------+--------------+------------------------------------------------------------------------------------------------------------------------------+--------------+
; Compilation Hierarchy Node                ; LC Combinationals ; LC Registers ; Memory Bits ; DSP Elements ; DSP 9x9 ; DSP 18x18 ; Pins ; Virtual Pins ; Full Hierarchy Name                                                                                                          ; Library Name ;
+-------------------------------------------+-------------------+--------------+-------------+--------------+---------+-----------+------+--------------+------------------------------------------------------------------------------------------------------------------------------+--------------+
; |SHUDIAN_PLUS                             ; 145 (0)           ; 63 (0)       ; 32768       ; 0            ; 0       ; 0         ; 22   ; 0            ; |SHUDIAN_PLUS                                                                                                                ; work         ;
;    |Distinguish_counter:inst|             ; 67 (67)           ; 36 (36)      ; 0           ; 0            ; 0       ; 0         ; 0    ; 0            ; |SHUDIAN_PLUS|Distinguish_counter:inst                                                                                       ; work         ;
;    |counter_10:inst6|                     ; 5 (5)             ; 4 (4)        ; 0           ; 0            ; 0       ; 0         ; 0    ; 0            ; |SHUDIAN_PLUS|counter_10:inst6                                                                                               ; work         ;
;    |counter_4:inst3|                      ; 2 (2)             ; 2 (2)        ; 0           ; 0            ; 0       ; 0         ; 0    ; 0            ; |SHUDIAN_PLUS|counter_4:inst3                                                                                                ; work         ;
;    |n_divider:inst7|                      ; 42 (42)           ; 10 (10)      ; 0           ; 0            ; 0       ; 0         ; 0    ; 0            ; |SHUDIAN_PLUS|n_divider:inst7                                                                                                ; work         ;
;    |romtatal:inst8|                       ; 29 (12)           ; 11 (11)      ; 32768       ; 0            ; 0       ; 0         ; 0    ; 0            ; |SHUDIAN_PLUS|romtatal:inst8                                                                                                 ; work         ;
;       |altsyncram:data_rtl_0|             ; 0 (0)             ; 0 (0)        ; 32768       ; 0            ; 0       ; 0         ; 0    ; 0            ; |SHUDIAN_PLUS|romtatal:inst8|altsyncram:data_rtl_0                                                                           ; work         ;
;          |altsyncram_qj71:auto_generated| ; 0 (0)             ; 0 (0)        ; 32768       ; 0            ; 0       ; 0         ; 0    ; 0            ; |SHUDIAN_PLUS|romtatal:inst8|altsyncram:data_rtl_0|altsyncram_qj71:auto_generated                                            ; work         ;
;       |lpm_divide:Mod0|                   ; 17 (0)            ; 0 (0)        ; 0           ; 0            ; 0       ; 0         ; 0    ; 0            ; |SHUDIAN_PLUS|romtatal:inst8|lpm_divide:Mod0                                                                                 ; work         ;
;          |lpm_divide_ccm:auto_generated|  ; 17 (0)            ; 0 (0)        ; 0           ; 0            ; 0       ; 0         ; 0    ; 0            ; |SHUDIAN_PLUS|romtatal:inst8|lpm_divide:Mod0|lpm_divide_ccm:auto_generated                                                   ; work         ;
;             |sign_div_unsign_1nh:divider| ; 17 (0)            ; 0 (0)        ; 0           ; 0            ; 0       ; 0         ; 0    ; 0            ; |SHUDIAN_PLUS|romtatal:inst8|lpm_divide:Mod0|lpm_divide_ccm:auto_generated|sign_div_unsign_1nh:divider                       ; work         ;
;                |alt_u_div_m9f:divider|    ; 17 (17)           ; 0 (0)        ; 0           ; 0            ; 0       ; 0         ; 0    ; 0            ; |SHUDIAN_PLUS|romtatal:inst8|lpm_divide:Mod0|lpm_divide_ccm:auto_generated|sign_div_unsign_1nh:divider|alt_u_div_m9f:divider ; work         ;
+-------------------------------------------+-------------------+--------------+-------------+--------------+---------+-----------+------+--------------+------------------------------------------------------------------------------------------------------------------------------+--------------+
Note: For table entries with two numbers listed, the numbers in parentheses indicate the number of resources of the given type used by the specific entity alone. The numbers listed outside of parentheses indicate the total resources of the given type used by the specific entity and all of its sub-entities in the hierarchy.


+-------------------------------------------------------------------------------------------------------------------------------------------------------------------------------------------------------------------+
; Analysis & Synthesis RAM Summary                                                                                                                                                                                  ;
+--------------------------------------------------------------------------------+------+------+--------------+--------------+--------------+--------------+-------+------------------------------------------------+
; Name                                                                           ; Type ; Mode ; Port A Depth ; Port A Width ; Port B Depth ; Port B Width ; Size  ; MIF                                            ;
+--------------------------------------------------------------------------------+------+------+--------------+--------------+--------------+--------------+-------+------------------------------------------------+
; romtatal:inst8|altsyncram:data_rtl_0|altsyncram_qj71:auto_generated|ALTSYNCRAM ; AUTO ; ROM  ; 4096         ; 8            ; --           ; --           ; 32768 ; db/SHUDIAN_PLUS.ram0_romtatal_8447d579.hdl.mif ;
+--------------------------------------------------------------------------------+------+------+--------------+--------------+--------------+--------------+-------+------------------------------------------------+


+------------------------------------------------------+
; General Register Statistics                          ;
+----------------------------------------------+-------+
; Statistic                                    ; Value ;
+----------------------------------------------+-------+
; Total registers                              ; 63    ;
; Number of registers using Synchronous Clear  ; 41    ;
; Number of registers using Synchronous Load   ; 0     ;
; Number of registers using Asynchronous Clear ; 0     ;
; Number of registers using Asynchronous Load  ; 0     ;
; Number of registers using Clock Enable       ; 4     ;
; Number of registers using Preset             ; 0     ;
+----------------------------------------------+-------+


+-------------------------------------------------------------+
; Registers Packed Into Inferred Megafunctions                ;
+--------------------------+---------------------------+------+
; Register Name            ; Megafunction              ; Type ;
+--------------------------+---------------------------+------+
; romtatal:inst8|otp[0..7] ; romtatal:inst8|data_rtl_0 ; RAM  ;
+--------------------------+---------------------------+------+


+-----------------------------------------------------------------------------------------------------------------------------------------------------------------+
; Multiplexer Restructuring Statistics (Restructuring Performed)                                                                                                  ;
+--------------------+-----------+---------------+----------------------+------------------------+------------+---------------------------------------------------+
; Multiplexer Inputs ; Bus Width ; Baseline Area ; Area if Restructured ; Saving if Restructured ; Registered ; Example Multiplexer Output                        ;
+--------------------+-----------+---------------+----------------------+------------------------+------------+---------------------------------------------------+
; 5:1                ; 4 bits    ; 12 LEs        ; 8 LEs                ; 4 LEs                  ; Yes        ; |SHUDIAN_PLUS|Distinguish_counter:inst|sel_sig[3] ;
+--------------------+-----------+---------------+----------------------+------------------------+------------+---------------------------------------------------+


+--------------------------------------------------------------------------------------------+
; Source assignments for romtatal:inst8|altsyncram:data_rtl_0|altsyncram_qj71:auto_generated ;
+---------------------------------+--------------------+------+------------------------------+
; Assignment                      ; Value              ; From ; To                           ;
+---------------------------------+--------------------+------+------------------------------+
; OPTIMIZE_POWER_DURING_SYNTHESIS ; NORMAL_COMPILATION ; -    ; -                            ;
+---------------------------------+--------------------+------+------------------------------+


+------------------------------------------------------------------------------------------------------+
; Parameter Settings for Inferred Entity Instance: romtatal:inst8|altsyncram:data_rtl_0                ;
+------------------------------------+------------------------------------------------+----------------+
; Parameter Name                     ; Value                                          ; Type           ;
+------------------------------------+------------------------------------------------+----------------+
; BYTE_SIZE_BLOCK                    ; 8                                              ; Untyped        ;
; AUTO_CARRY_CHAINS                  ; ON                                             ; AUTO_CARRY     ;
; IGNORE_CARRY_BUFFERS               ; OFF                                            ; IGNORE_CARRY   ;
; AUTO_CASCADE_CHAINS                ; ON                                             ; AUTO_CASCADE   ;
; IGNORE_CASCADE_BUFFERS             ; OFF                                            ; IGNORE_CASCADE ;
; WIDTH_BYTEENA                      ; 1                                              ; Untyped        ;
; OPERATION_MODE                     ; ROM                                            ; Untyped        ;
; WIDTH_A                            ; 8                                              ; Untyped        ;
; WIDTHAD_A                          ; 12                                             ; Untyped        ;
; NUMWORDS_A                         ; 4096                                           ; Untyped        ;
; OUTDATA_REG_A                      ; UNREGISTERED                                   ; Untyped        ;
; ADDRESS_ACLR_A                     ; NONE                                           ; Untyped        ;
; OUTDATA_ACLR_A                     ; NONE                                           ; Untyped        ;
; WRCONTROL_ACLR_A                   ; NONE                                           ; Untyped        ;
; INDATA_ACLR_A                      ; NONE                                           ; Untyped        ;
; BYTEENA_ACLR_A                     ; NONE                                           ; Untyped        ;
; WIDTH_B                            ; 1                                              ; Untyped        ;
; WIDTHAD_B                          ; 1                                              ; Untyped        ;
; NUMWORDS_B                         ; 1                                              ; Untyped        ;
; INDATA_REG_B                       ; CLOCK1                                         ; Untyped        ;
; WRCONTROL_WRADDRESS_REG_B          ; CLOCK1                                         ; Untyped        ;
; RDCONTROL_REG_B                    ; CLOCK1                                         ; Untyped        ;
; ADDRESS_REG_B                      ; CLOCK1                                         ; Untyped        ;
; OUTDATA_REG_B                      ; UNREGISTERED                                   ; Untyped        ;
; BYTEENA_REG_B                      ; CLOCK1                                         ; Untyped        ;
; INDATA_ACLR_B                      ; NONE                                           ; Untyped        ;
; WRCONTROL_ACLR_B                   ; NONE                                           ; Untyped        ;
; ADDRESS_ACLR_B                     ; NONE                                           ; Untyped        ;
; OUTDATA_ACLR_B                     ; NONE                                           ; Untyped        ;
; RDCONTROL_ACLR_B                   ; NONE                                           ; Untyped        ;
; BYTEENA_ACLR_B                     ; NONE                                           ; Untyped        ;
; WIDTH_BYTEENA_A                    ; 1                                              ; Untyped        ;
; WIDTH_BYTEENA_B                    ; 1                                              ; Untyped        ;
; RAM_BLOCK_TYPE                     ; AUTO                                           ; Untyped        ;
; BYTE_SIZE                          ; 8                                              ; Untyped        ;
; READ_DURING_WRITE_MODE_MIXED_PORTS ; DONT_CARE                                      ; Untyped        ;
; READ_DURING_WRITE_MODE_PORT_A      ; NEW_DATA_NO_NBE_READ                           ; Untyped        ;
; READ_DURING_WRITE_MODE_PORT_B      ; NEW_DATA_NO_NBE_READ                           ; Untyped        ;
; INIT_FILE                          ; db/SHUDIAN_PLUS.ram0_romtatal_8447d579.hdl.mif ; Untyped        ;
; INIT_FILE_LAYOUT                   ; PORT_A                                         ; Untyped        ;
; MAXIMUM_DEPTH                      ; 0                                              ; Untyped        ;
; CLOCK_ENABLE_INPUT_A               ; NORMAL                                         ; Untyped        ;
; CLOCK_ENABLE_INPUT_B               ; NORMAL                                         ; Untyped        ;
; CLOCK_ENABLE_OUTPUT_A              ; NORMAL                                         ; Untyped        ;
; CLOCK_ENABLE_OUTPUT_B              ; NORMAL                                         ; Untyped        ;
; CLOCK_ENABLE_CORE_A                ; USE_INPUT_CLKEN                                ; Untyped        ;
; CLOCK_ENABLE_CORE_B                ; USE_INPUT_CLKEN                                ; Untyped        ;
; ENABLE_ECC                         ; FALSE                                          ; Untyped        ;
; ECC_PIPELINE_STAGE_ENABLED         ; FALSE                                          ; Untyped        ;
; WIDTH_ECCSTATUS                    ; 3                                              ; Untyped        ;
; DEVICE_FAMILY                      ; Cyclone IV E                                   ; Untyped        ;
; CBXI_PARAMETER                     ; altsyncram_qj71                                ; Untyped        ;
+------------------------------------+------------------------------------------------+----------------+
Note: In order to hide this table in the UI and the text report file, please set the "Show Parameter Settings in Synthesis Report" option in "Analysis and Synthesis Settings -> More Settings" to "Off".


+---------------------------------------------------------------------------------+
; Parameter Settings for Inferred Entity Instance: romtatal:inst8|lpm_divide:Mod0 ;
+------------------------+----------------+---------------------------------------+
; Parameter Name         ; Value          ; Type                                  ;
+------------------------+----------------+---------------------------------------+
; LPM_WIDTHN             ; 10             ; Untyped                               ;
; LPM_WIDTHD             ; 10             ; Untyped                               ;
; LPM_NREPRESENTATION    ; UNSIGNED       ; Untyped                               ;
; LPM_DREPRESENTATION    ; UNSIGNED       ; Untyped                               ;
; LPM_PIPELINE           ; 0              ; Untyped                               ;
; LPM_REMAINDERPOSITIVE  ; TRUE           ; Untyped                               ;
; MAXIMIZE_SPEED         ; 5              ; Untyped                               ;
; CBXI_PARAMETER         ; lpm_divide_ccm ; Untyped                               ;
; CARRY_CHAIN            ; MANUAL         ; Untyped                               ;
; OPTIMIZE_FOR_SPEED     ; 5              ; Untyped                               ;
; AUTO_CARRY_CHAINS      ; ON             ; AUTO_CARRY                            ;
; IGNORE_CARRY_BUFFERS   ; OFF            ; IGNORE_CARRY                          ;
; AUTO_CASCADE_CHAINS    ; ON             ; AUTO_CASCADE                          ;
; IGNORE_CASCADE_BUFFERS ; OFF            ; IGNORE_CASCADE                        ;
+------------------------+----------------+---------------------------------------+
Note: In order to hide this table in the UI and the text report file, please set the "Show Parameter Settings in Synthesis Report" option in "Analysis and Synthesis Settings -> More Settings" to "Off".


+----------------------------------------------------------------------------------+
; altsyncram Parameter Settings by Entity Instance                                 ;
+-------------------------------------------+--------------------------------------+
; Name                                      ; Value                                ;
+-------------------------------------------+--------------------------------------+
; Number of entity instances                ; 1                                    ;
; Entity Instance                           ; romtatal:inst8|altsyncram:data_rtl_0 ;
;     -- OPERATION_MODE                     ; ROM                                  ;
;     -- WIDTH_A                            ; 8                                    ;
;     -- NUMWORDS_A                         ; 4096                                 ;
;     -- OUTDATA_REG_A                      ; UNREGISTERED                         ;
;     -- WIDTH_B                            ; 1                                    ;
;     -- NUMWORDS_B                         ; 1                                    ;
;     -- ADDRESS_REG_B                      ; CLOCK1                               ;
;     -- OUTDATA_REG_B                      ; UNREGISTERED                         ;
;     -- RAM_BLOCK_TYPE                     ; AUTO                                 ;
;     -- READ_DURING_WRITE_MODE_MIXED_PORTS ; DONT_CARE                            ;
+-------------------------------------------+--------------------------------------+


+-------------------------------+
; Elapsed Time Per Partition    ;
+----------------+--------------+
; Partition Name ; Elapsed Time ;
+----------------+--------------+
; Top            ; 00:00:00     ;
+----------------+--------------+


+-------------------------------+
; Analysis & Synthesis Messages ;
+-------------------------------+
Info: *******************************************************************
Info: Running Quartus II 64-Bit Analysis & Synthesis
    Info: Version 13.1.0 Build 162 10/23/2013 SJ Full Version
    Info: Processing started: Fri Jul 09 09:17:37 2021
Info: Command: quartus_map --read_settings_files=on --write_settings_files=off SHUDIAN_PLUS -c SHUDIAN_PLUS
Info (11104): Parallel Compilation has detected 12 hyper-threaded processors. However, the extra hyper-threaded processors will not be used by default. Parallel Compilation will use 6 of the 6 physical processors detected instead.
Info (12021): Found 1 design units, including 1 entities, in source file rtl/distinguish_counter.v
    Info (12023): Found entity 1: Distinguish_counter
Info (12021): Found 1 design units, including 1 entities, in source file rtl/romtatal.v
    Info (12023): Found entity 1: romtatal
Info (12021): Found 1 design units, including 1 entities, in source file rtl/n_divider.v
    Info (12023): Found entity 1: n_divider
Info (12021): Found 1 design units, including 1 entities, in source file rtl/counter_10.v
    Info (12023): Found entity 1: counter_10
Warning (10238): Verilog Module Declaration warning at counter_4.v(5): ignored anonymous port(s) indicated by duplicate or dangling comma(s) in the port list for module "counter_4"
Info (12021): Found 1 design units, including 1 entities, in source file rtl/counter_4.v
    Info (12023): Found entity 1: counter_4
Info (12021): Found 1 design units, including 1 entities, in source file rtl/shudian_plus.bdf
    Info (12023): Found entity 1: SHUDIAN_PLUS
Info (12127): Elaborating entity "SHUDIAN_PLUS" for the top level hierarchy
Info (12128): Elaborating entity "romtatal" for hierarchy "romtatal:inst8"
Warning (10030): Net "data.data_a" at romtatal.v(11) has no driver or initial value, using a default initial value '0'
Warning (10030): Net "data.waddr_a" at romtatal.v(11) has no driver or initial value, using a default initial value '0'
Warning (10030): Net "data.we_a" at romtatal.v(11) has no driver or initial value, using a default initial value '0'
Info (12128): Elaborating entity "n_divider" for hierarchy "n_divider:inst7"
Warning (10230): Verilog HDL assignment warning at n_divider.v(25): truncated value with size 10 to match size of target (9)
Info (12128): Elaborating entity "counter_10" for hierarchy "counter_10:inst6"
Info (12128): Elaborating entity "counter_4" for hierarchy "counter_4:inst3"
Warning (10230): Verilog HDL assignment warning at counter_4.v(12): truncated value with size 32 to match size of target (2)
Info (12128): Elaborating entity "Distinguish_counter" for hierarchy "Distinguish_counter:inst"
Info (19000): Inferred 1 megafunctions from design logic
    Info (276029): Inferred altsyncram megafunction from the following design logic: "romtatal:inst8|data_rtl_0" 
        Info (286033): Parameter OPERATION_MODE set to ROM
        Info (286033): Parameter WIDTH_A set to 8
        Info (286033): Parameter WIDTHAD_A set to 12
        Info (286033): Parameter NUMWORDS_A set to 4096
        Info (286033): Parameter OUTDATA_REG_A set to UNREGISTERED
        Info (286033): Parameter ADDRESS_ACLR_A set to NONE
        Info (286033): Parameter OUTDATA_ACLR_A set to NONE
        Info (286033): Parameter INDATA_ACLR_A set to NONE
        Info (286033): Parameter WRCONTROL_ACLR_A set to NONE
        Info (286033): Parameter INIT_FILE set to db/SHUDIAN_PLUS.ram0_romtatal_8447d579.hdl.mif
Info (278001): Inferred 1 megafunctions from design logic
    Info (278004): Inferred divider/modulo megafunction ("lpm_divide") from the following logic: "romtatal:inst8|Mod0"
Info (12130): Elaborated megafunction instantiation "romtatal:inst8|altsyncram:data_rtl_0"
Info (12133): Instantiated megafunction "romtatal:inst8|altsyncram:data_rtl_0" with the following parameter:
    Info (12134): Parameter "OPERATION_MODE" = "ROM"
    Info (12134): Parameter "WIDTH_A" = "8"
    Info (12134): Parameter "WIDTHAD_A" = "12"
    Info (12134): Parameter "NUMWORDS_A" = "4096"
    Info (12134): Parameter "OUTDATA_REG_A" = "UNREGISTERED"
    Info (12134): Parameter "ADDRESS_ACLR_A" = "NONE"
    Info (12134): Parameter "OUTDATA_ACLR_A" = "NONE"
    Info (12134): Parameter "INDATA_ACLR_A" = "NONE"
    Info (12134): Parameter "WRCONTROL_ACLR_A" = "NONE"
    Info (12134): Parameter "INIT_FILE" = "db/SHUDIAN_PLUS.ram0_romtatal_8447d579.hdl.mif"
Info (12021): Found 1 design units, including 1 entities, in source file db/altsyncram_qj71.tdf
    Info (12023): Found entity 1: altsyncram_qj71
Info (12130): Elaborated megafunction instantiation "romtatal:inst8|lpm_divide:Mod0"
Info (12133): Instantiated megafunction "romtatal:inst8|lpm_divide:Mod0" with the following parameter:
    Info (12134): Parameter "LPM_WIDTHN" = "10"
    Info (12134): Parameter "LPM_WIDTHD" = "10"
    Info (12134): Parameter "LPM_NREPRESENTATION" = "UNSIGNED"
    Info (12134): Parameter "LPM_DREPRESENTATION" = "UNSIGNED"
Info (12021): Found 1 design units, including 1 entities, in source file db/lpm_divide_ccm.tdf
    Info (12023): Found entity 1: lpm_divide_ccm
Info (12021): Found 1 design units, including 1 entities, in source file db/sign_div_unsign_1nh.tdf
    Info (12023): Found entity 1: sign_div_unsign_1nh
Info (12021): Found 1 design units, including 1 entities, in source file db/alt_u_div_m9f.tdf
    Info (12023): Found entity 1: alt_u_div_m9f
Info (12021): Found 1 design units, including 1 entities, in source file db/add_sub_7pc.tdf
    Info (12023): Found entity 1: add_sub_7pc
Info (12021): Found 1 design units, including 1 entities, in source file db/add_sub_8pc.tdf
    Info (12023): Found entity 1: add_sub_8pc
Info (286030): Timing-Driven Synthesis is running
Info (17016): Found the following redundant logic cells in design
    Info (17048): Logic cell "romtatal:inst8|lpm_divide:Mod0|lpm_divide_ccm:auto_generated|sign_div_unsign_1nh:divider|alt_u_div_m9f:divider|add_sub_9_result_int[0]~0"
Info (16010): Generating hard_block partition "hard_block:auto_generated_inst"
    Info (16011): Adding 0 node(s), including 0 DDIO, 0 PLL, 0 transceiver and 0 LCELL
Info (21057): Implemented 175 device resources after synthesis - the final resource count might be different
    Info (21058): Implemented 4 input pins
    Info (21059): Implemented 18 output pins
    Info (21061): Implemented 145 logic cells
    Info (21064): Implemented 8 RAM segments
Info: Quartus II 64-Bit Analysis & Synthesis was successful. 0 errors, 6 warnings
    Info: Peak virtual memory: 4668 megabytes
    Info: Processing ended: Fri Jul 09 09:17:39 2021
    Info: Elapsed time: 00:00:02
    Info: Total CPU time (on all processors): 00:00:02


